2025/03/28 16:07:25 DFAST pipeline started. (version 1.3.6)
2025/03/28 16:07:25 Results will be generated into 'OUT'.
2025/03/28 16:07:25 Loading a genomic fasta file from spadesout/scaffolds.fasta
2025/03/28 16:07:25 Genome source information: organism=, strain=
2025/03/28 16:07:26 The query genome is treated as a draft genome with 3300 sequences.
2025/03/28 16:07:26 Sequences are sorted by length (from longer to shorter).
2025/03/28 16:07:26 Sequences shorter than 200 will be eliminated.
2025/03/28 16:07:26 Sequences will be renamed as sequence0001, sequence0002...
2025/03/28 16:07:26 Locus_tag settings: locus_tag_prefix=LOCUS and step=10.
2025/03/28 16:07:26 Locus_tags are assigned separately to each feature type. e.g. CDS: LOCUS_000xx, rRNA: LOCUS_r000xx, tRNA: LOCUS_t000xx, tmRNA: LOCUS_tm000xx.
2025/03/28 16:07:26 Remove_Partial_Feature is enabled.
2025/03/28 16:07:26 Remove_Overlapping_Feature is enabled. Priority: ['assembly_gap', 'CRISPR', ('tmRNA', 'tRNA', 'rRNA'), 'CDS']
2025/03/28 16:07:26 Initializing structural annotation tools... 
2025/03/28 16:07:26 GAPannotator initialized. (Version 1.0)
2025/03/28 16:07:26 Setting GAPannotator options. {'len_cutoff': 5, 'linkage_evidence': 'paired-ends', 'gap_type': 'within scaffold'}
2025/03/28 16:07:26 Checking MetaGeneAnnotator... 
2025/03/28 16:07:26 MetaGeneAnnotator initialized. (Version 2008/08/19)
2025/03/28 16:07:26 Setting MetaGeneAnnotator options. {'cmd_options': '-s', 'transl_table': 11}
2025/03/28 16:07:26 Checking Aragorn version... 
2025/03/28 16:07:26 Aragorn initialized. (Version 1.2.41)
2025/03/28 16:07:26 Setting Aragorn options. {'gcode': '-gcbact', 'cmd_options': '-l', 'transl_table': 11}
2025/03/28 16:07:26 Checking Barrnap version... 
2025/03/28 16:07:28 Barrnap initialized. (Version 0.9)
2025/03/28 16:07:28 Checking CRT version... 
2025/03/28 16:07:28 CRT initialized. (Version 1.2)
2025/03/28 16:07:28 Setting CRT options. {'jar_file': '/Users/weeblesthe2nd/miniconda3/envs/genomeanalysis/opt/dfast-1.3.6/bin/common/CRT1.2-CLI.jar', 'java_options': '', 'cmd_options': ''}
2025/03/28 16:07:28 Checking Java version... 
2025/03/28 16:07:30 Java initialized. (Version 23.0.2)
2025/03/28 16:07:30 Initializing contig annotation tools... 
2025/03/28 16:07:30 Initializing annotation components... 
2025/03/28 16:07:30 DBsearch initialized.
2025/03/28 16:07:30 Setting DBsearch options. {'skipAnnotatedFeatures': True, 'evalue_cutoff': 1e-06, 'qcov_cutoff': 75, 'scov_cutoff': 75, 'pident_cutoff': 0, 'aligner': 'ghostx', 'aligner_options': {}, 'database': '/Users/weeblesthe2nd/miniconda3/envs/genomeanalysis/opt/dfast-1.3.6/db/protein/DFAST-default.ref', 'db_name': ''}
2025/03/28 16:07:30 Checking GHOSTX version... 
2025/03/28 16:07:31 GHOSTX initialized. (Version 1.3.6)
2025/03/28 16:07:31 Reference DB loaded. 381721 sequences. [version=1.2.1, dbname=DFAST-default, contributor=yt,ddbj, modified=20240214]
2025/03/28 16:07:31 PseudoGeneDetection initialized.
2025/03/28 16:07:31 Setting PseudoGeneDetection options. {'cpu': 1, 'skipAnnotatedFeatures': False, 'extension': 300, 'scov_cutoff': 85, 'transl_table': 11}
2025/03/28 16:07:31 Checking lastdb version... 
2025/03/28 16:07:32 lastdb initialized. (Version 959)
2025/03/28 16:07:32 Setting lastdb options. {'cpu': 1, 'skipAnnotatedFeatures': False, 'extension': 300, 'scov_cutoff': 85, 'transl_table': 11}
2025/03/28 16:07:32 Checking lastal version... 
2025/03/28 16:07:32 lastal initialized. (Version 959)
2025/03/28 16:07:32 Setting lastal options. {'cpu': 1, 'skipAnnotatedFeatures': False, 'extension': 300, 'scov_cutoff': 85, 'transl_table': 11}
2025/03/28 16:07:32 Checking Blastp version... 
2025/03/28 16:07:34 Blastp initialized. (Version 2.16.0)
2025/03/28 16:07:34 HMMscan initialized.
2025/03/28 16:07:34 Setting HMMscan options. {'skipAnnotatedFeatures': True, 'evalue_cutoff': 1e-06, 'database': '/Users/weeblesthe2nd/miniconda3/envs/genomeanalysis/opt/dfast-1.3.6/db/hmm/TIGRFAMs_15.0_HMM.LIB', 'db_name': 'TIGR', 'cmd_options': ''}
2025/03/28 16:07:34 Checking hmmscan version... 
2025/03/28 16:07:35 hmmscan initialized. (Version 3.4)
2025/03/28 16:07:35 Setting hmmscan options. {'skipAnnotatedFeatures': True, 'evalue_cutoff': 1e-06, 'database': '/Users/weeblesthe2nd/miniconda3/envs/genomeanalysis/opt/dfast-1.3.6/db/hmm/TIGRFAMs_15.0_HMM.LIB', 'db_name': 'TIGR', 'cmd_options': ''}
2025/03/28 16:07:35 CDDsearch initialized.
2025/03/28 16:07:35 Setting CDDsearch options. {'skipAnnotatedFeatures': False, 'evalue_cutoff': 1e-06, 'database': '/Users/weeblesthe2nd/miniconda3/envs/genomeanalysis/opt/dfast-1.3.6/db/cdd/Cog', 'rpsbproc_data': '/Users/weeblesthe2nd/miniconda3/envs/genomeanalysis/opt/dfast-1.3.6/bin/common/rpsbproc_data'}
2025/03/28 16:07:35 Checking RPSblast version... 
2025/03/28 16:07:37 RPSblast initialized. (Version 2.16.0)
2025/03/28 16:07:37 Setting RPSblast options. {'skipAnnotatedFeatures': False, 'evalue_cutoff': 1e-06, 'database': '/Users/weeblesthe2nd/miniconda3/envs/genomeanalysis/opt/dfast-1.3.6/db/cdd/Cog', 'rpsbproc_data': '/Users/weeblesthe2nd/miniconda3/envs/genomeanalysis/opt/dfast-1.3.6/bin/common/rpsbproc_data'}
2025/03/28 16:07:37 Checking rpsbproc version... 
2025/03/28 16:07:38 rpsbproc initialized. (Version 0.1)
2025/03/28 16:07:38 Setting rpsbproc options. {'skipAnnotatedFeatures': False, 'evalue_cutoff': 1e-06, 'database': '/Users/weeblesthe2nd/miniconda3/envs/genomeanalysis/opt/dfast-1.3.6/db/cdd/Cog', 'rpsbproc_data': '/Users/weeblesthe2nd/miniconda3/envs/genomeanalysis/opt/dfast-1.3.6/bin/common/rpsbproc_data'}
2025/03/28 16:07:38 Start structural annotation process using 4 CPUs
2025/03/28 16:07:40 19 assembly_gap features were detected by GAPannotator.
2025/03/28 16:07:41 7249 CDS features were detected by MetaGeneAnnotator.
2025/03/28 16:07:41 77 tRNA features were detected by Aragorn.
2025/03/28 16:07:41 6 rRNA features were detected by Barrnap.
2025/03/28 16:07:41 7 CRISPR (later will be replaced by repeat_region) features were detected by CRT.
2025/03/28 16:07:41 Removed 18 overlapping features.
2025/03/28 16:07:41 Start executing functional annotation components.
2025/03/28 16:07:41 DBsearch will be performed using 4 CPUs.
2025/03/28 16:07:58 DBsearch done 1/4.
2025/03/28 16:07:59 DBsearch done 4/4.
2025/03/28 16:07:59 DBsearch done 3/4.
2025/03/28 16:07:59 DBsearch done 2/4.
2025/03/28 16:08:00 Last format DB will be performed using 1 CPUs.
2025/03/28 16:08:00 Last format DB done 1/1.
2025/03/28 16:08:00 Last alignment will be performed using 1 CPUs.
2025/03/28 16:08:36 Last alignment done 1/1.
2025/03/28 16:08:37 59 CDS features were marked as possible pseudo due to internal stop codons.
2025/03/28 16:08:37 73 CDS features were marked as possible pseudo due to frameshift.
2025/03/28 16:08:37 HMMscan will be performed using 4 CPUs.
2025/03/28 16:09:38 HMMscan done 3/4.
2025/03/28 16:09:38 HMMscan done 1/4.
2025/03/28 16:09:39 HMMscan done 2/4.
2025/03/28 16:09:39 HMMscan done 4/4.
2025/03/28 16:09:39 Collecting HMMscan results.
2025/03/28 16:09:39 RPSblast will be performed using 4 CPUs.
2025/03/28 16:10:29 RPSblast done 1/4.
2025/03/28 16:10:30 RPSblast done 4/4.
2025/03/28 16:10:30 RPSblast done 3/4.
2025/03/28 16:10:31 RPSblast done 2/4.
2025/03/28 16:10:31 rpsbproc will be performed using 4 CPUs.
2025/03/28 16:10:31 rpsbproc done 3/4.
2025/03/28 16:10:31 rpsbproc done 1/4.
2025/03/28 16:10:31 rpsbproc done 4/4.
2025/03/28 16:10:32 rpsbproc done 2/4.
2025/03/28 16:10:32 Start contig annotation process using 4 CPUs
2025/03/28 16:10:32 Partial CDS predicted at sequence0004:[184145:>184844](-) will be annotated as misc_feature
2025/03/28 16:10:32 Partial CDS predicted at sequence0014:[112039:>113165](-) will be annotated as misc_feature
2025/03/28 16:10:32 Partial CDS predicted at sequence0017:[<0:541](+) will be annotated as misc_feature
2025/03/28 16:10:32 Partial CDS predicted at sequence0028:[<0:9029](+) will be annotated as misc_feature
2025/03/28 16:10:32 Partial CDS predicted at sequence0040:[<0:841](+) will be annotated as misc_feature
2025/03/28 16:10:32 Partial CDS predicted at sequence0043:[17765:>19277](-) will be annotated as misc_feature
2025/03/28 16:10:32 Partial CDS predicted at sequence0044:[<0:716](+) will be annotated as misc_feature
2025/03/28 16:10:32 Partial CDS predicted at sequence0044:[16618:>17851](-) will be annotated as misc_feature
2025/03/28 16:10:32 Partial CDS predicted at sequence0049:[<0:2503](+) will be annotated as misc_feature
2025/03/28 16:10:32 Partial CDS predicted at sequence0050:[<0:583](+) will be annotated as misc_feature
2025/03/28 16:10:32 Partial CDS predicted at sequence0060:[697:>3137](-) will be annotated as misc_feature
2025/03/28 16:10:32 Partial CDS predicted at sequence0064:[<0:628](+) will be annotated as misc_feature
2025/03/28 16:10:32 Partial CDS predicted at sequence0080:[501:>1288](-) will be annotated as misc_feature
2025/03/28 16:10:32 Partial CDS predicted at sequence0086:[304:>1166](-) will be annotated as misc_feature
2025/03/28 16:10:32 Partial CDS predicted at sequence0105:[53:>881](-) will be annotated as misc_feature
2025/03/28 16:10:32 Partial CDS predicted at sequence0126:[<0:504](+) will be annotated as misc_feature
2025/03/28 16:10:32 Removed 3102 partial features.
2025/03/28 16:10:32 Assigning locus_tags to CDS, rRNA, tRNA, tmRNA
2025/03/28 16:10:32 Setting output verbosity level to 3.
2025/03/28 16:10:32 Writing a genome fasta file to OUT/genome.fna
2025/03/28 16:10:32 Writing a CDS fasta file to OUT/cds.fna
2025/03/28 16:10:32 Writing a protein fasta file to OUT/protein.faa
2025/03/28 16:10:32 Writing an RNA fasta file to OUT/rna.fna
2025/03/28 16:10:32 Writing a GFF file to OUT/genome.gff
2025/03/28 16:10:32 Writing a GenBank format file to OUT/genome.gbk
2025/03/28 16:10:33 Writing an EMBL format file to OUT/genome.embl
2025/03/28 16:10:33 Writing a DDBJ annotation file to OUT/ddbj/mss.ann
2025/03/28 16:10:33 Writing a DDBJ sequence file to OUT/ddbj/mss.fasta
2025/03/28 16:10:33 [Experimental] DFAST Record JSON will not be generated. Please install dr_tools and use Python>=3.10.
2025/03/28 16:10:33 DFAST pipeline completed!
2025/03/28 16:10:33 Total running time: 0h3m8s
